2006.12.15 15:49 B C:\Apache\htdocs\sigre_15_12\sigre\sigre\_fclose.gif <-- SIGRE /sigre/sigre _fclose.gif
2006.12.15 15:49 B C:\Apache\htdocs\sigre_15_12\sigre\sigre\_fopen.gif <-- SIGRE /sigre/sigre _fopen.gif
2006.12.15 15:49 B C:\Apache\htdocs\sigre_15_12\sigre\sigre\_zip.lib.php <-- SIGRE /sigre/sigre _zip.lib.php
2006.12.15 15:49 B C:\Apache\htdocs\sigre_15_12\sigre\sigre\AdministrarUsuarios.php <-- SIGRE /sigre/sigre AdministrarUsuarios.php
2006.12.15 15:49 B C:\Apache\htdocs\sigre_15_12\sigre\sigre\ajuda.php <-- SIGRE /sigre/sigre ajuda.php
2006.12.15 15:49 B C:\Apache\htdocs\sigre_15_12\sigre\sigre\arquivos.php <-- SIGRE /sigre/sigre arquivos.php
2006.12.15 15:49 B C:\Apache\htdocs\sigre_15_12\sigre\sigre\arquivos3.php <-- SIGRE /sigre/sigre arquivos3.php
2006.12.15 15:49 B C:\Apache\htdocs\sigre_15_12\sigre\sigre\arquivosFapen.php <-- SIGRE /sigre/sigre arquivosFapen.php
2006.12.15 15:49 B C:\Apache\htdocs\sigre_15_12\sigre\sigre\ass.swf <-- SIGRE /sigre/sigre ass.swf
2006.12.15 15:49 B C:\Apache\htdocs\sigre_15_12\sigre\sigre\c2.php <-- SIGRE /sigre/sigre c2.php
2006.12.15 15:49 B C:\Apache\htdocs\sigre_15_12\sigre\sigre\cadastros.php <-- SIGRE /sigre/sigre cadastros.php
2006.12.15 15:49 B C:\Apache\htdocs\sigre_15_12\sigre\sigre\calculo.php <-- SIGRE /sigre/sigre calculo.php
2006.12.15 15:49 B C:\Apache\htdocs\sigre_15_12\sigre\sigre\configurarGuias.php <-- SIGRE /sigre/sigre configurarGuias.php
2006.12.15 15:49 B C:\Apache\htdocs\sigre_15_12\sigre\sigre\dadosPessoais.php <-- SIGRE /sigre/sigre dadosPessoais.php
2006.12.15 15:49 B C:\Apache\htdocs\sigre_15_12\sigre\sigre\decriptall.php <-- SIGRE /sigre/sigre decriptall.php
2006.12.15 15:49 B C:\Apache\htdocs\sigre_15_12\sigre\sigre\emitirGuias.php <-- SIGRE /sigre/sigre emitirGuias.php
2006.12.15 15:49 B C:\Apache\htdocs\sigre_15_12\sigre\sigre\Emolumentos.php <-- SIGRE /sigre/sigre Emolumentos.php
2006.12.15 15:49 B C:\Apache\htdocs\sigre_15_12\sigre\sigre\estilos.css <-- SIGRE /sigre/sigre estilos.css
2006.12.15 15:49 B C:\Apache\htdocs\sigre_15_12\sigre\sigre\gerenciador.php <-- SIGRE /sigre/sigre gerenciador.php
2006.12.15 15:49 B C:\Apache\htdocs\sigre_15_12\sigre\sigre\guias.php <-- SIGRE /sigre/sigre guias.php
2006.12.15 15:49 B C:\Apache\htdocs\sigre_15_12\sigre\sigre\index.php <-- SIGRE /sigre/sigre index.php
2006.12.15 15:49 B C:\Apache\htdocs\sigre_15_12\sigre\sigre\logoSapiensP.gif <-- SIGRE /sigre/sigre logoSapiensP.gif
2006.12.15 15:49 B C:\Apache\htdocs\sigre_15_12\sigre\sigre\logoSapiensTecP.gif <-- SIGRE /sigre/sigre logoSapiensTecP.gif
2006.12.15 15:49 B C:\Apache\htdocs\sigre_15_12\sigre\sigre\orcamentoGuias.php <-- SIGRE /sigre/sigre orcamentoGuias.php
2006.12.15 15:49 B C:\Apache\htdocs\sigre_15_12\sigre\sigre\relatorios.php <-- SIGRE /sigre/sigre relatorios.php
2006.12.15 15:49 B C:\Apache\htdocs\sigre_15_12\sigre\sigre\sair.php <-- SIGRE /sigre/sigre sair.php
2006.12.15 15:49 B C:\Apache\htdocs\sigre_15_12\sigre\sigre\sigre.php <-- SIGRE /sigre/sigre sigre.php
2006.12.15 15:49 B C:\Apache\htdocs\sigre_15_12\sigre\sigre\topo.swf <-- SIGRE /sigre/sigre topo.swf
2006.12.15 15:49 B C:\Apache\htdocs\sigre_15_12\sigre\sigre\topoP.swf <-- SIGRE /sigre/sigre topoP.swf
